<?xml version="1.0" encoding="UTF-8"?>
<testng-results ignored="0" total="1" passed="1" failed="0" skipped="0">
  <reporter-output>
  </reporter-output>
  <suite started-at="2023-01-09T03:24:39Z" name="Surefire suite" finished-at="2023-01-09T03:24:47Z" duration-ms="7397">
    <groups>
    </groups>
    <test started-at="2023-01-09T03:24:39Z" name="Surefire test" finished-at="2023-01-09T03:24:47Z" duration-ms="7397">
      <class name="sparkReportExtentReport.TestClass">
        <test-method signature="testCase()[pri:0, instance:sparkReportExtentReport.TestClass@4d339552]" started-at="2023-01-09T03:24:39Z" name="testCase" finished-at="2023-01-09T03:24:47Z" duration-ms="7351" status="PASS">
          <reporter-output>
          </reporter-output>
        </test-method> <!-- testCase -->
      </class> <!-- sparkReportExtentReport.TestClass -->
    </test> <!-- Surefire test -->
  </suite> <!-- Surefire suite -->
</testng-results>
